Creating tmp table number 1 (16240books)
Creating tmp table number 2 (33406books)
Creating tmp table number 3 (50261books)
Creating tmp table number 4 (67365books)
Creating tmp table number 5 (82175books)
Creating tmp table number 6 (98476books)
Creating tmp table number 7 (114177books)
Creating tmp table number 8 (130336books)
Creating tmp table number 9 (146681books)
Creating tmp table number 10 (163334books)
Creating tmp table number 11 (180632books)
Creating tmp table number 12 (197832books)
Creating tmp table number 13 (214869books)
Creating tmp table number 14 (231152books)
Creating tmp table number 15 (246762books)
Creating tmp table number 16 (263713books)
Creating tmp table number 17 (279592books)
Creating tmp table number 18 (295775books)
Creating tmp table number 19 (312130books)
Creating tmp table number 20 (330222books)
Creating tmp table number 21 (347055books)
Creating tmp table number 22 (364137books)
Creating tmp table number 23 (379840books)
Creating tmp table number 24 (395793books)
Creating tmp table number 25 (413384books)
Creating tmp table number 26 (430256books)
Creating tmp table number 27 (445059books)
Creating tmp table number 28 (461373books)
Creating tmp table number 29 (477840books)
Creating tmp table number 30 (494868books)
Creating tmp table number 31 (510001books)
Creating tmp table number 32 (526053books)
Creating tmp table number 33 (543159books)
Creating tmp table number 34 (559903books)
Creating tmp table number 35 (575188books)
Creating tmp table number 36 (592041books)
Creating tmp table number 37 (609096books)
Creating tmp table number 38 (625721books)
Creating tmp table number 39 (641990books)
Creating tmp table number 40 (659309books)
Creating tmp table number 41 (676571books)
Creating tmp table number 42 (693750books)
Creating tmp table number 43 (709672books)
Creating tmp table number 44 (725836books)
Creating tmp table number 45 (743318books)
Creating tmp table number 46 (759990books)
Creating tmp table number 47 (776872books)
Creating tmp table number 48 (791769books)
Creating tmp table number 49 (809187books)
Creating tmp table number 50 (826634books)
Creating tmp table number 51 (843445books)
Creating tmp table number 52 (860403books)
Creating tmp table number 53 (877825books)
Creating tmp table number 54 (894460books)
Creating tmp table number 55 (911707books)
Creating tmp table number 56 (927455books)
Creating tmp table number 57 (943329books)
Creating tmp table number 58 (960989books)
Creating tmp table number 59 (976919books)
Creating tmp table number 60 (994384books)
Creating tmp table number 61 (1012051books)
Creating tmp table number 62 (1027353books)
Creating tmp table number 63 (1043201books)
Creating tmp table number 64 (1060325books)
Creating tmp table number 65 (1077727books)
Creating tmp table number 66 (1093927books)
Creating tmp table number 67 (1110947books)
Creating tmp table number 68 (1127711books)
Creating tmp table number 69 (1143863books)
Creating tmp table number 70 (1162690books)
Creating tmp table number 71 (1178464books)
Creating tmp table number 72 (1195686books)
Creating tmp table number 73 (1212445books)
Creating tmp table number 74 (1228370books)
Creating tmp table number 75 (1244352books)
Creating tmp table number 76 (1262564books)
Creating tmp table number 77 (1279365books)
Creating tmp table number 78 (1296026books)
Creating tmp table number 79 (1313092books)
Creating tmp table number 80 (1327997books)
Creating tmp table number 81 (1344973books)
Creating tmp table number 82 (1361983books)
Creating tmp table number 83 (1379216books)
Creating tmp table number 84 (1396271books)
Creating tmp table number 85 (1412564books)
Creating tmp table number 86 (1429668books)
Creating tmp table number 87 (1446681books)
Creating tmp table number 88 (1463981books)
Creating tmp table number 89 (1481042books)
merging tmpfiles
tmpfiles merged; getting full word counts
Sorting full word counts
Adding rank numbers to the usable ones